E:\VCPROJECTS\SUPPORTPROJECTS\CHRISHECKER\3DPHYSICSDEMO\3DPHYSICSDEMO -CLASES\VS2012PROJECT\VS2010PROJECT\DEBUG\GEO3D.OBJ
E:\VCPROJECTS\SUPPORTPROJECTS\CHRISHECKER\3DPHYSICSDEMO\3DPHYSICSDEMO -CLASES\VS2012PROJECT\VS2010PROJECT\DEBUG\MAIN.OBJ
E:\VCPROJECTS\SUPPORTPROJECTS\CHRISHECKER\3DPHYSICSDEMO\3DPHYSICSDEMO -CLASES\VS2012PROJECT\VS2010PROJECT\DEBUG\PHYSICS3D.OBJ
E:\VCPROJECTS\SUPPORTPROJECTS\CHRISHECKER\3DPHYSICSDEMO\3DPHYSICSDEMO -CLASES\VS2012PROJECT\VS2010PROJECT\DEBUG\WINSYS.OBJ
E:\VCPROJECTS\SUPPORTPROJECTS\CHRISHECKER\3DPHYSICSDEMO\3DPHYSICSDEMO -CLASES\VS2012PROJECT\VS2010PROJECT\DEBUG\VC110.PDB
E:\VCPROJECTS\SUPPORTPROJECTS\CHRISHECKER\3DPHYSICSDEMO\3DPHYSICSDEMO -CLASES\VS2012PROJECT\DEBUG\PHYSICSDEMOBYCARLOSPEGAR.ILK
E:\VCPROJECTS\SUPPORTPROJECTS\CHRISHECKER\3DPHYSICSDEMO\3DPHYSICSDEMO -CLASES\VS2012PROJECT\DEBUG\PHYSICSDEMOBYCARLOSPEGAR.EXE
E:\VCPROJECTS\SUPPORTPROJECTS\CHRISHECKER\3DPHYSICSDEMO\3DPHYSICSDEMO -CLASES\VS2012PROJECT\DEBUG\PHYSICSDEMOBYCARLOSPEGAR.PDB
E:\VCPROJECTS\SUPPORTPROJECTS\CHRISHECKER\3DPHYSICSDEMO\3DPHYSICSDEMO -CLASES\VS2012PROJECT\VS2010PROJECT\DEBUG\PHYSICS.RES
E:\VCProjects\supportProjects\ChrisHecker\3DPhysicsDemo\3DPhysicsDemo -clases\vs2012Project\vs2010Project\Debug\GEO3D.obj
E:\VCProjects\supportProjects\ChrisHecker\3DPhysicsDemo\3DPhysicsDemo -clases\vs2012Project\vs2010Project\Debug\MAIN.obj
E:\VCProjects\supportProjects\ChrisHecker\3DPhysicsDemo\3DPhysicsDemo -clases\vs2012Project\vs2010Project\Debug\PHYSICS3D.obj
E:\VCProjects\supportProjects\ChrisHecker\3DPhysicsDemo\3DPhysicsDemo -clases\vs2012Project\vs2010Project\Debug\WINSYS.obj
E:\VCProjects\supportProjects\ChrisHecker\3DPhysicsDemo\3DPhysicsDemo -clases\vs2012Project\vs2010Project\Debug\cl.command.1.tlog
E:\VCProjects\supportProjects\ChrisHecker\3DPhysicsDemo\3DPhysicsDemo -clases\vs2012Project\vs2010Project\Debug\CL.read.1.tlog
E:\VCProjects\supportProjects\ChrisHecker\3DPhysicsDemo\3DPhysicsDemo -clases\vs2012Project\vs2010Project\Debug\CL.write.1.tlog
E:\VCProjects\supportProjects\ChrisHecker\3DPhysicsDemo\3DPhysicsDemo -clases\vs2012Project\vs2010Project\Debug\link-cvtres.read.1.tlog
E:\VCProjects\supportProjects\ChrisHecker\3DPhysicsDemo\3DPhysicsDemo -clases\vs2012Project\vs2010Project\Debug\link-cvtres.write.1.tlog
E:\VCProjects\supportProjects\ChrisHecker\3DPhysicsDemo\3DPhysicsDemo -clases\vs2012Project\vs2010Project\Debug\link-rc.read.1.tlog
E:\VCProjects\supportProjects\ChrisHecker\3DPhysicsDemo\3DPhysicsDemo -clases\vs2012Project\vs2010Project\Debug\link-rc.write.1.tlog
E:\VCProjects\supportProjects\ChrisHecker\3DPhysicsDemo\3DPhysicsDemo -clases\vs2012Project\vs2010Project\Debug\link.command.1.tlog
E:\VCProjects\supportProjects\ChrisHecker\3DPhysicsDemo\3DPhysicsDemo -clases\vs2012Project\vs2010Project\Debug\link.read.1.tlog
E:\VCProjects\supportProjects\ChrisHecker\3DPhysicsDemo\3DPhysicsDemo -clases\vs2012Project\vs2010Project\Debug\link.write.1.tlog
E:\VCProjects\supportProjects\ChrisHecker\3DPhysicsDemo\3DPhysicsDemo -clases\vs2012Project\vs2010Project\Debug\rc.command.1.tlog
E:\VCProjects\supportProjects\ChrisHecker\3DPhysicsDemo\3DPhysicsDemo -clases\vs2012Project\vs2010Project\Debug\rc.read.1.tlog
E:\VCProjects\supportProjects\ChrisHecker\3DPhysicsDemo\3DPhysicsDemo -clases\vs2012Project\vs2010Project\Debug\rc.write.1.tlog
E:\VCProjects\supportProjects\ChrisHecker\3DPhysicsDemo\3DPhysicsDemo -clases\vs2012Project\vs2010Project\Debug\PHYSICS.res
E:\VCProjects\supportProjects\ChrisHecker\3DPhysicsDemo\3DPhysicsDemo -clases\vs2012Project\vs2010Project\Debug\vc110.idb
E:\VCProjects\supportProjects\ChrisHecker\3DPhysicsDemo\3DPhysicsDemo -clases\vs2012Project\vs2010Project\Debug\vc110.pdb
E:\VCProjects\supportProjects\ChrisHecker\3DPhysicsDemo\3DPhysicsDemo -clases\vs2012Project\Debug\PhysicsDemoByCarlosPegar.pdb
E:\VCProjects\supportProjects\ChrisHecker\3DPhysicsDemo\3DPhysicsDemo -clases\vs2012Project\Debug\PhysicsDemoByCarlosPegar.exe
E:\VCProjects\supportProjects\ChrisHecker\3DPhysicsDemo\3DPhysicsDemo -clases\vs2012Project\Debug\PhysicsDemoByCarlosPegar.ilk
