C:\DATOS\VCPROJECTS\SUPPORTPROJECTS\CHRISHECKER\3DPHYSICSSAMPLE\VS2010PROJECT\DEBUG\VS2010PROJECT.EXE
C:\DATOS\VCPROJECTS\SUPPORTPROJECTS\CHRISHECKER\3DPHYSICSSAMPLE\VS2010PROJECT\DEBUG\VS2010PROJECT.ILK
C:\DATOS\VCPROJECTS\SUPPORTPROJECTS\CHRISHECKER\3DPHYSICSSAMPLE\VS2010PROJECT\DEBUG\VS2010PROJECT.PDB
C:\DATOS\VCProjects\supportProjects\ChrisHecker\3DPhysicsSample\vs2010Project\vs2010Project\Debug\cl.command.1.tlog
C:\DATOS\VCProjects\supportProjects\ChrisHecker\3DPhysicsSample\vs2010Project\vs2010Project\Debug\CL.read.1.tlog
C:\DATOS\VCProjects\supportProjects\ChrisHecker\3DPhysicsSample\vs2010Project\vs2010Project\Debug\CL.write.1.tlog
C:\DATOS\VCProjects\supportProjects\ChrisHecker\3DPhysicsSample\vs2010Project\vs2010Project\Debug\link.command.1.tlog
C:\DATOS\VCProjects\supportProjects\ChrisHecker\3DPhysicsSample\vs2010Project\vs2010Project\Debug\link.read.1.tlog
C:\DATOS\VCProjects\supportProjects\ChrisHecker\3DPhysicsSample\vs2010Project\vs2010Project\Debug\link.write.1.tlog
C:\DATOS\VCProjects\supportProjects\ChrisHecker\3DPhysicsSample\vs2010Project\vs2010Project\Debug\link-cvtres.read.1.tlog
C:\DATOS\VCProjects\supportProjects\ChrisHecker\3DPhysicsSample\vs2010Project\vs2010Project\Debug\link-cvtres.write.1.tlog
C:\DATOS\VCPROJECTS\SUPPORTPROJECTS\CHRISHECKER\3DPHYSICSSAMPLE\VS2010PROJECT\VS2010PROJECT\DEBUG\MATH3D.OBJ
C:\DATOS\VCProjects\supportProjects\ChrisHecker\3DPhysicsSample\vs2010Project\vs2010Project\Debug\mt.command.1.tlog
C:\DATOS\VCProjects\supportProjects\ChrisHecker\3DPhysicsSample\vs2010Project\vs2010Project\Debug\mt.read.1.tlog
C:\DATOS\VCProjects\supportProjects\ChrisHecker\3DPhysicsSample\vs2010Project\vs2010Project\Debug\mt.write.1.tlog
C:\DATOS\VCPROJECTS\SUPPORTPROJECTS\CHRISHECKER\3DPHYSICSSAMPLE\VS2010PROJECT\VS2010PROJECT\DEBUG\PHYSICS.OBJ
C:\DATOS\VCPROJECTS\SUPPORTPROJECTS\CHRISHECKER\3DPHYSICSSAMPLE\VS2010PROJECT\VS2010PROJECT\DEBUG\PHYSICS.RES
C:\DATOS\VCProjects\supportProjects\ChrisHecker\3DPhysicsSample\vs2010Project\vs2010Project\Debug\rc.command.1.tlog
C:\DATOS\VCProjects\supportProjects\ChrisHecker\3DPhysicsSample\vs2010Project\vs2010Project\Debug\rc.read.1.tlog
C:\DATOS\VCProjects\supportProjects\ChrisHecker\3DPhysicsSample\vs2010Project\vs2010Project\Debug\rc.write.1.tlog
C:\DATOS\VCProjects\supportProjects\ChrisHecker\3DPhysicsSample\vs2010Project\vs2010Project\Debug\vc100.idb
C:\DATOS\VCPROJECTS\SUPPORTPROJECTS\CHRISHECKER\3DPHYSICSSAMPLE\VS2010PROJECT\VS2010PROJECT\DEBUG\VC100.PDB
C:\DATOS\VCPROJECTS\SUPPORTPROJECTS\CHRISHECKER\3DPHYSICSSAMPLE\VS2010PROJECT\VS2010PROJECT\DEBUG\VS2010PROJECT.EXE.EMBED.MANIFEST
C:\DATOS\VCPROJECTS\SUPPORTPROJECTS\CHRISHECKER\3DPHYSICSSAMPLE\VS2010PROJECT\VS2010PROJECT\DEBUG\VS2010PROJECT.EXE.EMBED.MANIFEST.RES
C:\DATOS\VCPROJECTS\SUPPORTPROJECTS\CHRISHECKER\3DPHYSICSSAMPLE\VS2010PROJECT\VS2010PROJECT\DEBUG\VS2010PROJECT.EXE.INTERMEDIATE.MANIFEST
C:\DATOS\VCProjects\supportProjects\ChrisHecker\3DPhysicsSample\vs2010Project\vs2010Project\Debug\vs2010Project.write.1.tlog
C:\DATOS\VCProjects\supportProjects\ChrisHecker\3DPhysicsSample\vs2010Project\vs2010Project\Debug\vs2010Project_manifest.rc
C:\DATOS\VCPROJECTS\SUPPORTPROJECTS\CHRISHECKER\3DPHYSICSSAMPLE\VS2010PROJECT\VS2010PROJECT\DEBUG\WIN32.OBJ
