e:\vcprojects\supportprojects\chrishecker\3dphysicsdemo\3dphysicsdemo -clases\vs2017project\vs2010project\release\vc141.pdb
e:\vcprojects\supportprojects\chrishecker\3dphysicsdemo\3dphysicsdemo -clases\vs2017project\vs2010project\release\winsys.obj
e:\vcprojects\supportprojects\chrishecker\3dphysicsdemo\3dphysicsdemo -clases\vs2017project\vs2010project\release\physics3d.obj
e:\vcprojects\supportprojects\chrishecker\3dphysicsdemo\3dphysicsdemo -clases\vs2017project\vs2010project\release\main.obj
e:\vcprojects\supportprojects\chrishecker\3dphysicsdemo\3dphysicsdemo -clases\vs2017project\vs2010project\release\geo3d.obj
e:\vcprojects\supportprojects\chrishecker\3dphysicsdemo\3dphysicsdemo -clases\vs2017project\release\physicsdemobycarlospegar.exe
e:\vcprojects\supportprojects\chrishecker\3dphysicsdemo\3dphysicsdemo -clases\vs2017project\release\physicsdemobycarlospegar.pdb
e:\vcprojects\supportprojects\chrishecker\3dphysicsdemo\3dphysicsdemo -clases\vs2017project\release\physicsdemobycarlospegar.ipdb
e:\vcprojects\supportprojects\chrishecker\3dphysicsdemo\3dphysicsdemo -clases\vs2017project\release\physicsdemobycarlospegar.iobj
e:\vcprojects\supportprojects\chrishecker\3dphysicsdemo\3dphysicsdemo -clases\vs2017project\vs2010project\release\physics.res
e:\vcprojects\supportprojects\chrishecker\3dphysicsdemo\3dphysicsdemo -clases\vs2017project\vs2010project\release\physicsd.9622309b.tlog\cl.command.1.tlog
e:\vcprojects\supportprojects\chrishecker\3dphysicsdemo\3dphysicsdemo -clases\vs2017project\vs2010project\release\physicsd.9622309b.tlog\cl.read.1.tlog
e:\vcprojects\supportprojects\chrishecker\3dphysicsdemo\3dphysicsdemo -clases\vs2017project\vs2010project\release\physicsd.9622309b.tlog\cl.write.1.tlog
e:\vcprojects\supportprojects\chrishecker\3dphysicsdemo\3dphysicsdemo -clases\vs2017project\vs2010project\release\physicsd.9622309b.tlog\link.command.1.tlog
e:\vcprojects\supportprojects\chrishecker\3dphysicsdemo\3dphysicsdemo -clases\vs2017project\vs2010project\release\physicsd.9622309b.tlog\link.read.1.tlog
e:\vcprojects\supportprojects\chrishecker\3dphysicsdemo\3dphysicsdemo -clases\vs2017project\vs2010project\release\physicsd.9622309b.tlog\link.write.1.tlog
e:\vcprojects\supportprojects\chrishecker\3dphysicsdemo\3dphysicsdemo -clases\vs2017project\vs2010project\release\physicsd.9622309b.tlog\physicsdemobycarlospegar.write.1u.tlog
e:\vcprojects\supportprojects\chrishecker\3dphysicsdemo\3dphysicsdemo -clases\vs2017project\vs2010project\release\physicsd.9622309b.tlog\rc.command.1.tlog
e:\vcprojects\supportprojects\chrishecker\3dphysicsdemo\3dphysicsdemo -clases\vs2017project\vs2010project\release\physicsd.9622309b.tlog\rc.read.1.tlog
e:\vcprojects\supportprojects\chrishecker\3dphysicsdemo\3dphysicsdemo -clases\vs2017project\vs2010project\release\physicsd.9622309b.tlog\rc.write.1.tlog
